Start testing: Jun 29 09:41 CDT
----------------------------------------------------------
1/3 Testing: basic_test
1/3 Test: basic_test
Command: "/scratch/GIT_RPO/cmdargs/build/testsuite/basic"
Directory: /scratch/GIT_RPO/cmdargs/build/testsuite
"basic_test" start time: Jun 29 09:41 CDT
Output:
----------------------------------------------------------
<end of output>
Test time =   0.00 sec
----------------------------------------------------------
Test Passed.
"basic_test" end time: Jun 29 09:41 CDT
"basic_test" time elapsed: 00:00:00
----------------------------------------------------------

2/3 Testing: two_test
2/3 Test: two_test
Command: "/scratch/GIT_RPO/cmdargs/build/testsuite/two"
Directory: /scratch/GIT_RPO/cmdargs/build/testsuite
"two_test" start time: Jun 29 09:41 CDT
Output:
----------------------------------------------------------
<end of output>
Test time =   0.00 sec
----------------------------------------------------------
Test Passed.
"two_test" end time: Jun 29 09:41 CDT
"two_test" time elapsed: 00:00:00
----------------------------------------------------------

3/3 Testing: double_test
3/3 Test: double_test
Command: "/scratch/GIT_RPO/cmdargs/build/testsuite/double"
Directory: /scratch/GIT_RPO/cmdargs/build/testsuite
"double_test" start time: Jun 29 09:41 CDT
Output:
----------------------------------------------------------
0
0
<end of output>
Test time =   0.00 sec
----------------------------------------------------------
Test Passed.
"double_test" end time: Jun 29 09:41 CDT
"double_test" time elapsed: 00:00:00
----------------------------------------------------------

End testing: Jun 29 09:41 CDT
